{"level":"info","message":"App listening on port: 3000","timestamp":"2018-04-19T03:49:31.451Z"}
{"username":"Alabi","password":"Alabi","level":"info","message":"","timestamp":"2018-04-19T03:49:52.908Z"}
{"level":"info","message":"$2a$10$UHyb1/ADpxMEhRChfURNJ.61qhsGTCNbYssZbY6ip.REHN3xEdKRa","timestamp":"2018-04-19T03:49:53.016Z"}
{"level":"info","message":"App listening on port: 3000","timestamp":"2018-04-19T03:52:12.314Z"}
{"level":"info","message":"App listening on port: 3000","timestamp":"2018-04-19T03:53:25.268Z"}
{"level":"info","message":"App listening on port: 3000","timestamp":"2018-04-19T03:57:02.539Z"}
{"level":"info","message":"App listening on port: 3000","timestamp":"2018-04-19T03:57:46.777Z"}
{"level":"info","message":"App listening on port: 3000","timestamp":"2018-04-19T04:00:12.063Z"}
{"level":"info","message":"App listening on port: 3000","timestamp":"2018-04-19T04:00:48.040Z"}
{"level":"info","message":"App listening on port: 3000","timestamp":"2018-04-19T04:00:58.901Z"}
{"level":"info","message":"App listening on port: 3000","timestamp":"2018-04-19T04:01:44.869Z"}
{"level":"info","message":"App listening on port: 3000","timestamp":"2018-04-19T04:01:51.320Z"}
{"level":"info","message":"App listening on port: 3000","timestamp":"2018-04-19T04:03:26.315Z"}
{"level":"info","message":"App listening on port: 3000","timestamp":"2018-04-19T04:04:02.133Z"}
{"level":"info","message":"App listening on port: 3000","timestamp":"2018-04-19T04:04:28.939Z"}
{"level":"info","message":"App listening on port: 3000","timestamp":"2018-04-19T04:05:06.163Z"}
{"level":"info","message":"App listening on port: 3000","timestamp":"2018-04-19T04:06:51.504Z"}
{"level":"info","message":"App listening on port: 3000","timestamp":"2018-04-19T04:07:08.687Z"}
{"level":"info","message":"App listening on port: 3000","timestamp":"2018-04-19T04:08:26.796Z"}
{"level":"info","message":"App listening on port: 3000","timestamp":"2018-04-19T04:11:01.489Z"}
{"level":"info","message":"App listening on port: 3000","timestamp":"2018-04-19T04:12:38.716Z"}
{"level":"info","message":"App listening on port: 3000","timestamp":"2018-04-19T04:12:53.025Z"}
{"level":"info","message":"App listening on port: 3000","timestamp":"2018-04-19T04:13:35.692Z"}
{"level":"info","message":"App listening on port: 3000","timestamp":"2018-04-19T04:13:42.974Z"}
{"level":"info","message":"App listening on port: 3000","timestamp":"2018-04-19T04:15:35.657Z"}
{"level":"info","message":"App listening on port: 3000","timestamp":"2018-04-19T04:15:54.492Z"}
{"level":"info","message":"App listening on port: 3000","timestamp":"2018-04-19T04:18:23.320Z"}
{"level":"info","message":"App listening on port: 3000","timestamp":"2018-04-19T04:23:26.913Z"}
{"level":"info","message":"App listening on port: 3000","timestamp":"2018-04-19T04:24:33.652Z"}
{"level":"info","message":"App listening on port: 3000","timestamp":"2018-04-19T04:32:25.551Z"}
{"level":"info","message":"App listening on port: 3000","timestamp":"2018-04-19T04:38:20.989Z"}
{"level":"info","message":"App listening on port: 3000","timestamp":"2018-04-19T04:39:03.946Z"}
{"level":"info","message":"App listening on port: 3000","timestamp":"2018-04-19T04:39:23.903Z"}
{"level":"info","message":"App listening on port: 3000","timestamp":"2018-04-19T04:47:44.972Z"}
{"level":"info","message":"App listening on port: 3000","timestamp":"2018-04-19T04:48:49.142Z"}
{"level":"info","message":"App listening on port: 3000","timestamp":"2018-04-19T04:57:28.456Z"}
{"level":"info","message":"App listening on port: 3000","timestamp":"2018-04-19T05:00:01.424Z"}
{"level":"info","message":"App listening on port: 3000","timestamp":"2018-04-19T05:49:01.010Z"}
{"level":"info","message":"App listening on port: 3000","timestamp":"2018-04-19T05:53:40.382Z"}
{"level":"info","message":"App listening on port: 3000","timestamp":"2018-04-19T05:54:40.716Z"}
{"level":"info","message":"App listening on port: 3000","timestamp":"2018-04-19T05:56:53.405Z"}
{"level":"info","message":"App listening on port: 3000","timestamp":"2018-04-19T05:58:01.942Z"}
{"level":"info","message":"App listening on port: 3000","timestamp":"2018-04-19T05:58:19.505Z"}
{"level":"info","message":"App listening on port: 3000","timestamp":"2018-04-19T05:58:42.738Z"}
{"level":"info","message":"App listening on port: 3000","timestamp":"2018-04-19T05:59:05.281Z"}
{"level":"info","message":"App listening on port: 3000","timestamp":"2018-04-19T05:59:51.919Z"}
{"level":"info","message":"App listening on port: 3000","timestamp":"2018-04-19T06:02:42.665Z"}
{"level":"info","message":"App listening on port: 3000","timestamp":"2018-04-19T06:05:07.878Z"}
{"level":"info","message":"App listening on port: 3000","timestamp":"2018-04-19T06:12:38.895Z"}
{"level":"info","message":"App listening on port: 3000","timestamp":"2018-04-19T06:16:09.344Z"}
{"level":"info","message":"App listening on port: 3000","timestamp":"2018-04-19T06:18:38.491Z"}
{"level":"info","message":"App listening on port: 3000","timestamp":"2018-04-19T06:19:08.385Z"}
{"level":"info","message":"App listening on port: 3000","timestamp":"2018-04-19T06:19:25.669Z"}
{"level":"info","message":"App listening on port: 3000","timestamp":"2018-04-19T06:28:29.259Z"}
{"level":"info","message":"App listening on port: 3000","timestamp":"2018-04-19T06:30:25.975Z"}
{"level":"info","message":"App listening on port: 3000","timestamp":"2018-04-19T06:39:47.658Z"}
{"level":"info","message":"App listening on port: 3000","timestamp":"2018-04-19T06:57:37.796Z"}
{"level":"error","message":"jwt must be provided","timestamp":"2018-04-19T06:59:21.392Z"}
{"level":"error","message":"Decoding jwt error: JsonWebTokenError: jwt must be provided","timestamp":"2018-04-19T06:59:21.393Z"}
{"level":"error","message":"jwt must be provided","timestamp":"2018-04-19T07:06:34.060Z"}
{"level":"error","message":"Decoding jwt error: JsonWebTokenError: jwt must be provided","timestamp":"2018-04-19T07:06:34.062Z"}
{"level":"info","message":"App listening on port: 3000","timestamp":"2018-04-19T07:07:39.000Z"}
{"level":"info","message":"App listening on port: 3000","timestamp":"2018-04-19T07:32:41.859Z"}
{"level":"info","message":"App listening on port: 3000","timestamp":"2018-04-19T07:33:24.035Z"}
